2022-04-29 14:19:41.288  INFO 54361 --- [main] com.redick.datachange.server.Server      : Starting Server on MacBook-Pro-3.local with PID 54361 (/Users/penghuiliu/geek_learn/configex/datachange/server/target/classes started by penghuiliu in /Users/penghuiliu/geek_learn/configex)
2022-04-29 14:19:41.291  INFO 54361 --- [main] com.redick.datachange.server.Server      : No active profile set, falling back to default profiles: default
2022-04-29 14:19:42.045  INFO 54361 --- [main] o.s.b.w.embedded.tomcat.TomcatWebServer  : Tomcat initialized with port(s): 9099 (http)
2022-04-29 14:19:42.052  INFO 54361 --- [main] o.apache.catalina.core.StandardService   : Starting service [Tomcat]
2022-04-29 14:19:42.052  INFO 54361 --- [main] org.apache.catalina.core.StandardEngine  : Starting Servlet engine: [Apache Tomcat/9.0.31]
2022-04-29 14:19:42.117  INFO 54361 --- [main] o.a.c.c.C.[.[localhost].[/server/v1]     : Initializing Spring embedded WebApplicationContext
2022-04-29 14:19:42.118  INFO 54361 --- [main] o.s.web.context.ContextLoader            : Root WebApplicationContext: initialization completed in 789 ms
2022-04-29 14:19:42.161  INFO 54361 --- [main] com.redick.datachange.server.Server      : MDCAdapter实例：org.slf4j.TtlMDCAdapter@6d6bc158
2022-04-29 14:19:42.284  INFO 54361 --- [main] o.s.s.concurrent.ThreadPoolTaskExecutor  : Initializing ExecutorService 'applicationTaskExecutor'
2022-04-29 14:19:42.426  INFO 54361 --- [main] o.s.b.w.embedded.tomcat.TomcatWebServer  : Tomcat started on port(s): 9099 (http) with context path '/server/v1'
2022-04-29 14:19:42.428  INFO 54361 --- [main] com.redick.datachange.server.Server      : Started Server in 1.499 seconds (JVM running for 2.115)
2022-04-29 14:19:51.502  INFO 54361 --- [SpringContextShutdownHook] o.s.s.concurrent.ThreadPoolTaskExecutor  : Shutting down ExecutorService 'applicationTaskExecutor'
2022-04-29 14:20:19.510  INFO 54387 --- [main] com.redick.datachange.server.Server      : Starting Server on MacBook-Pro-3.local with PID 54387 (/Users/penghuiliu/geek_learn/configex/datachange/server/target/classes started by penghuiliu in /Users/penghuiliu/geek_learn/configex)
2022-04-29 14:20:19.512  INFO 54387 --- [main] com.redick.datachange.server.Server      : No active profile set, falling back to default profiles: default
2022-04-29 14:20:20.266  INFO 54387 --- [main] o.s.b.w.embedded.tomcat.TomcatWebServer  : Tomcat initialized with port(s): 9099 (http)
2022-04-29 14:20:20.274  INFO 54387 --- [main] o.apache.catalina.core.StandardService   : Starting service [Tomcat]
2022-04-29 14:20:20.275  INFO 54387 --- [main] org.apache.catalina.core.StandardEngine  : Starting Servlet engine: [Apache Tomcat/9.0.31]
2022-04-29 14:20:20.349  INFO 54387 --- [main] o.a.c.c.C.[.[localhost].[/server/v1]     : Initializing Spring embedded WebApplicationContext
2022-04-29 14:20:20.349  INFO 54387 --- [main] o.s.web.context.ContextLoader            : Root WebApplicationContext: initialization completed in 801 ms
2022-04-29 14:20:20.388  INFO 54387 --- [main] com.redick.datachange.server.Server      : MDCAdapter实例：org.slf4j.TtlMDCAdapter@76318a7d
2022-04-29 14:20:20.508  INFO 54387 --- [main] o.s.s.concurrent.ThreadPoolTaskExecutor  : Initializing ExecutorService 'applicationTaskExecutor'
2022-04-29 14:20:20.702  INFO 54387 --- [main] o.s.b.w.embedded.tomcat.TomcatWebServer  : Tomcat started on port(s): 9099 (http) with context path '/server/v1'
2022-04-29 14:20:20.706  INFO 54387 --- [main] com.redick.datachange.server.Server      : Started Server in 1.528 seconds (JVM running for 2.024)
2022-04-29 14:20:23.333  INFO 54387 --- [SpringContextShutdownHook] o.s.s.concurrent.ThreadPoolTaskExecutor  : Shutting down ExecutorService 'applicationTaskExecutor'
2022-04-29 14:20:43.074  INFO 54408 --- [main] com.redick.datachange.server.Server      : Starting Server on MacBook-Pro-3.local with PID 54408 (/Users/penghuiliu/geek_learn/configex/datachange/server/target/classes started by penghuiliu in /Users/penghuiliu/geek_learn/configex)
2022-04-29 14:20:43.077  INFO 54408 --- [main] com.redick.datachange.server.Server      : No active profile set, falling back to default profiles: default
2022-04-29 14:20:43.826  INFO 54408 --- [main] o.s.b.w.embedded.tomcat.TomcatWebServer  : Tomcat initialized with port(s): 9099 (http)
2022-04-29 14:20:43.834  INFO 54408 --- [main] o.apache.catalina.core.StandardService   : Starting service [Tomcat]
2022-04-29 14:20:43.834  INFO 54408 --- [main] org.apache.catalina.core.StandardEngine  : Starting Servlet engine: [Apache Tomcat/9.0.31]
2022-04-29 14:20:43.896  INFO 54408 --- [main] o.a.c.c.C.[.[localhost].[/server/v1]     : Initializing Spring embedded WebApplicationContext
2022-04-29 14:20:43.896  INFO 54408 --- [main] o.s.web.context.ContextLoader            : Root WebApplicationContext: initialization completed in 783 ms
2022-04-29 14:20:43.932  INFO 54408 --- [main] com.redick.datachange.server.Server      : MDCAdapter实例：org.slf4j.TtlMDCAdapter@7a0e1b5e
2022-04-29 14:20:44.054  INFO 54408 --- [main] o.s.s.concurrent.ThreadPoolTaskExecutor  : Initializing ExecutorService 'applicationTaskExecutor'
2022-04-29 14:20:44.202  INFO 54408 --- [main] o.s.b.w.embedded.tomcat.TomcatWebServer  : Tomcat started on port(s): 9099 (http) with context path '/server/v1'
2022-04-29 14:20:44.205  INFO 54408 --- [main] com.redick.datachange.server.Server      : Started Server in 1.46 seconds (JVM running for 1.956)
2022-04-29 14:20:49.090  INFO 54408 --- [http-nio-9099-exec-1] o.a.c.c.C.[.[localhost].[/server/v1]     : Initializing Spring DispatcherServlet 'dispatcherServlet'
2022-04-29 14:20:49.090  INFO 54408 --- [http-nio-9099-exec-1] o.s.web.servlet.DispatcherServlet        : Initializing Servlet 'dispatcherServlet'
2022-04-29 14:20:49.097  INFO 54408 --- [http-nio-9099-exec-1] o.s.web.servlet.DispatcherServlet        : Completed initialization in 7 ms
2022-04-29 14:20:49.118  INFO 54408 --- [http-nio-9099-exec-1] com.redick.datachange.server.Server      : 开始测试
2022-04-29 14:20:49.120  INFO 54408 --- [Thread-10] com.redick.datachange.server.Server      : 当前线程：Thread-10
2022-04-29 14:20:49.121  INFO 54408 --- [Thread-12] com.redick.datachange.server.Server      : 当前线程：Thread-12
2022-04-29 14:20:49.121  INFO 54408 --- [Thread-13] com.redick.datachange.server.Server      : 当前线程：Thread-13
2022-04-29 14:20:49.120  INFO 54408 --- [Thread-9] com.redick.datachange.server.Server      : 当前线程：Thread-9
2022-04-29 14:20:49.120  INFO 54408 --- [Thread-11] com.redick.datachange.server.Server      : 当前线程：Thread-11
2022-04-29 14:20:49.121  INFO 54408 --- [Thread-14] com.redick.datachange.server.Server      : 当前线程：Thread-14
2022-04-29 14:20:49.121  INFO 54408 --- [Thread-15] com.redick.datachange.server.Server      : 当前线程：Thread-15
2022-04-29 14:20:49.122  INFO 54408 --- [Thread-17] com.redick.datachange.server.Server      : 当前线程：Thread-17
2022-04-29 14:20:49.121  INFO 54408 --- [Thread-16] com.redick.datachange.server.Server      : 当前线程：Thread-16
2022-04-29 14:20:49.122  INFO 54408 --- [Thread-18] com.redick.datachange.server.Server      : 当前线程：Thread-18
2022-04-29 14:21:17.074  INFO 54408 --- [SpringContextShutdownHook] o.s.s.concurrent.ThreadPoolTaskExecutor  : Shutting down ExecutorService 'applicationTaskExecutor'
